<?xml version="1.0" encoding="UTF-8"?>
<robot generator="Robot 5.0.1 (Python 3.9.13 on win32)" generated="20220927 16:33:48.425" rpa="true" schemaversion="3">
<suite id="s1" name="Tasks" source="c:\Users\56946\Desktop\Robots-RPA\tasks.robot">
<test id="s1-t1" name="Ingresar a la web" line="14">
<kw name="Abrir Pagina web">
<kw name="Open Available Browser" library="RPA.Browser.Selenium">
<arg>https://robotsparebinindustries.com/#/</arg>
<doc>Attempts to open a browser on the user's device from a set of
supported browsers. Automatically downloads a corresponding webdriver
if none is already installed.</doc>
<msg timestamp="20220927 16:33:49.391" level="INFO">Creating an instance of the Chrome WebDriver.</msg>
<msg timestamp="20220927 16:33:49.439" level="INFO">Created download root directory: C:\Users\56946\AppData\Local\robocorp\webdrivers</msg>
<msg timestamp="20220927 16:33:49.439" level="INFO">Created symlink directory: C:\Users\56946\AppData\Local\robocorp\webdrivers</msg>
<msg timestamp="20220927 16:33:49.440" level="INFO">Creating an instance of the Chrome WebDriver.</msg>
<msg timestamp="20220927 16:33:51.027" level="INFO">Created Chrome browser with arguments: --disable-dev-shm-usage --disable-web-security --allow-running-insecure-content --no-sandbox</msg>
<msg timestamp="20220927 16:33:51.027" level="INFO" html="true">&lt;p&gt;Attempted combinations:&lt;/p&gt;&lt;div class="doc"&gt;&lt;table&gt;&lt;tr&gt;&lt;th&gt;Browser&lt;/th&gt;&lt;th&gt;Download&lt;/th&gt;&lt;th&gt;Error&lt;/th&gt;&lt;/tr&gt;&lt;tr&gt;&lt;td&gt;Chrome&lt;/td&gt;&lt;td&gt;False&lt;/td&gt;&lt;td&gt;Message: 'chromedriver' executable needs to be in PATH. Please see https://sites.google.com/a/chromium.org/chromedriver/home
&lt;/td&gt;&lt;/tr&gt;&lt;tr&gt;&lt;td&gt;Chrome&lt;/td&gt;&lt;td&gt;True&lt;/td&gt;&lt;td&gt;&lt;/td&gt;&lt;/tr&gt;&lt;/table&gt;&lt;/div&gt;</msg>
<msg timestamp="20220927 16:33:51.027" level="INFO">Opening url 'https://robotsparebinindustries.com/#/'</msg>
<status status="PASS" starttime="20220927 16:33:49.390" endtime="20220927 16:33:52.078"/>
</kw>
<status status="PASS" starttime="20220927 16:33:49.390" endtime="20220927 16:33:52.078"/>
</kw>
<status status="PASS" starttime="20220927 16:33:49.389" endtime="20220927 16:33:52.080"/>
</test>
<doc>robot que hace un login.</doc>
<status status="PASS" starttime="20220927 16:33:48.435" endtime="20220927 16:33:52.083"/>
</suite>
<statistics>
<total>
<stat pass="1" fail="0" skip="0">All Tasks</stat>
</total>
<tag>
</tag>
<suite>
<stat pass="1" fail="0" skip="0" id="s1" name="Tasks">Tasks</stat>
</suite>
</statistics>
<errors>
</errors>
</robot>
